<?xml version="1.0" encoding="UTF-8"?>
<!-- Generated by org.testng.reporters.JUnitReportReporter -->
<testsuite skipped="0" hostname="iball2" name="com.radiant.microservices.testsuites.TNCTest" tests="1" failures="0" timestamp="19 Sep 2019 13:00:13 GMT" time="47.739" errors="0">
  <testcase name="tncTestSuite" time="47.739" classname="com.radiant.microservices.testsuites.TNCTest"/>
</testsuite> <!-- com.radiant.microservices.testsuites.TNCTest -->
