<?xml version="1.0" encoding="UTF-8"?>
<!-- Generated by org.testng.reporters.JUnitReportReporter -->
<testsuite skipped="0" hostname="optiplex003-PC" name="maven.radinatmicro.AppTest" tests="1" failures="0" timestamp="17 Sep 2019 09:59:40 GMT" time="0.011" errors="0">
  <testcase name="testApp" time="0.011" classname="maven.radinatmicro.AppTest"/>
</testsuite> <!-- maven.radinatmicro.AppTest -->
