<?xml version="1.0" encoding="UTF-8"?>
<!-- Generated by org.testng.reporters.JUnitReportReporter -->
<testsuite skipped="0" hostname="optiplex003-PC" name="com.radiant.microservices.testsuites.TNCTest" tests="1" failures="0" timestamp="17 Sep 2019 09:59:40 GMT" time="14.171" errors="0">
  <testcase name="tncTestSuite" time="14.171" classname="com.radiant.microservices.testsuites.TNCTest"/>
</testsuite> <!-- com.radiant.microservices.testsuites.TNCTest -->
