<?xml version="1.0" encoding="UTF-8"?>
<!-- Generated by org.testng.reporters.JUnitReportReporter -->
<testsuite skipped="0" hostname="iball2" name="maven.radinatmicro.AppTest" tests="1" failures="0" timestamp="19 Sep 2019 13:00:13 GMT" time="0.025" errors="0">
  <testcase name="testApp" time="0.025" classname="maven.radinatmicro.AppTest"/>
</testsuite> <!-- maven.radinatmicro.AppTest -->
